<?xml version="1.0" encoding="UTF-8"?>
<testng-results ignored="0" total="1" passed="1" failed="0" skipped="0">
  <reporter-output>
  </reporter-output>
  <suite started-at="2024-05-14T11:42:51 CEST" name="Surefire suite" finished-at="2024-05-14T11:42:55 CEST" duration-ms="3924">
    <groups>
    </groups>
    <test started-at="2024-05-14T11:42:51 CEST" name="Surefire test" finished-at="2024-05-14T11:42:55 CEST" duration-ms="3924">
      <class name="api.tests.UserTest">
        <test-method is-config="true" signature="setup()[pri:0, instance:api.tests.UserTest@65466a6a]" started-at="2024-05-14T11:42:51 CEST" name="setup" finished-at="2024-05-14T11:42:51 CEST" duration-ms="14" status="PASS">
          <reporter-output>
          </reporter-output>
        </test-method> <!-- setup -->
        <test-method signature="getUserByIdSuccess()[pri:0, instance:api.tests.UserTest@65466a6a]" started-at="2024-05-14T11:42:51 CEST" name="getUserByIdSuccess" finished-at="2024-05-14T11:42:55 CEST" duration-ms="3844" status="PASS">
          <reporter-output>
          </reporter-output>
        </test-method> <!-- getUserByIdSuccess -->
        <test-method is-config="true" signature="tearDown()[pri:0, instance:api.tests.UserTest@65466a6a]" started-at="2024-05-14T11:42:55 CEST" name="tearDown" finished-at="2024-05-14T11:42:55 CEST" duration-ms="1" status="PASS">
          <reporter-output>
          </reporter-output>
        </test-method> <!-- tearDown -->
      </class> <!-- api.tests.UserTest -->
    </test> <!-- Surefire test -->
  </suite> <!-- Surefire suite -->
</testng-results>
